mode: set
github.com/Learning-Go-Server-Development/OrderService/database/order.go:9.52,12.25 3 1
github.com/Learning-Go-Server-Development/OrderService/database/order.go:12.25,14.3 1 0
github.com/Learning-Go-Server-Development/OrderService/database/order.go:15.2,15.14 1 1
github.com/Learning-Go-Server-Development/OrderService/database/order.go:15.14,22.3 6 1
github.com/Learning-Go-Server-Development/OrderService/database/order.go:23.2,23.16 1 1
github.com/Learning-Go-Server-Development/OrderService/database/order.go:26.46,28.25 2 1
github.com/Learning-Go-Server-Development/OrderService/database/order.go:28.25,30.3 1 0
github.com/Learning-Go-Server-Development/OrderService/database/order.go:31.2,31.14 1 1
github.com/Learning-Go-Server-Development/OrderService/database/order.go:31.14,36.3 4 1
github.com/Learning-Go-Server-Development/OrderService/database/order.go:37.2,37.12 1 1
github.com/Learning-Go-Server-Development/OrderService/database/order.go:40.45,41.25 1 1
github.com/Learning-Go-Server-Development/OrderService/database/order.go:41.25,43.3 1 0
github.com/Learning-Go-Server-Development/OrderService/database/order.go:44.2,49.12 5 1
github.com/Learning-Go-Server-Development/OrderService/database/order.go:52.52,53.25 1 1
github.com/Learning-Go-Server-Development/OrderService/database/order.go:53.25,55.3 1 0
github.com/Learning-Go-Server-Development/OrderService/database/order.go:56.2,60.40 5 1
github.com/Learning-Go-Server-Development/OrderService/database/order.go:60.40,62.28 2 1
github.com/Learning-Go-Server-Development/OrderService/database/order.go:62.28,66.4 3 1
github.com/Learning-Go-Server-Development/OrderService/database/order.go:68.2,68.13 1 1
github.com/Learning-Go-Server-Development/OrderService/database/order.go:71.46,72.25 1 1
github.com/Learning-Go-Server-Development/OrderService/database/order.go:72.25,74.3 1 0
github.com/Learning-Go-Server-Development/OrderService/database/order.go:75.2,78.12 4 1
github.com/Learning-Go-Server-Development/OrderService/database/order.go:81.60,84.24 3 1
github.com/Learning-Go-Server-Development/OrderService/database/order.go:84.24,87.17 3 1
github.com/Learning-Go-Server-Development/OrderService/database/order.go:87.17,89.18 2 1
github.com/Learning-Go-Server-Development/OrderService/database/order.go:89.18,92.19 3 1
github.com/Learning-Go-Server-Development/OrderService/database/order.go:92.19,94.6 1 1
github.com/Learning-Go-Server-Development/OrderService/database/order.go:95.5,98.28 4 1
github.com/Learning-Go-Server-Development/OrderService/database/order.go:102.2,102.13 1 1
github.com/Learning-Go-Server-Development/OrderService/database/serviceDB.go:20.41,28.26 8 1
github.com/Learning-Go-Server-Development/OrderService/database/serviceDB.go:28.26,33.17 5 1
github.com/Learning-Go-Server-Development/OrderService/database/serviceDB.go:33.17,35.4 1 0
github.com/Learning-Go-Server-Development/OrderService/database/serviceDB.go:36.3,36.20 1 1
github.com/Learning-Go-Server-Development/OrderService/database/serviceDB.go:36.20,38.4 1 1
github.com/Learning-Go-Server-Development/OrderService/database/serviceDB.go:40.2,40.12 1 1
